Traceback (most recent call last):
  File "/home/runner/.local/lib/python3.10/site-packages/jupyter_cache/executors/utils.py", line 58, in single_nb_execution
    executenb(
  File "/home/runner/.local/lib/python3.10/site-packages/nbclient/client.py", line 1314, in execute
    return NotebookClient(nb=nb, resources=resources, km=km, **kwargs).execute()
  File "/home/runner/.local/lib/python3.10/site-packages/jupyter_core/utils/__init__.py", line 165, in wrapped
    return loop.run_until_complete(inner)
  File "/usr/lib/python3.10/asyncio/base_events.py", line 649, in run_until_complete
    return future.result()
  File "/home/runner/.local/lib/python3.10/site-packages/nbclient/client.py", line 709, in async_execute
    await self.async_execute_cell(
  File "/home/runner/.local/lib/python3.10/site-packages/nbclient/client.py", line 1062, in async_execute_cell
    await self._check_raise_for_error(cell, cell_index, exec_reply)
  File "/home/runner/.local/lib/python3.10/site-packages/nbclient/client.py", line 918, in _check_raise_for_error
    raise CellExecutionError.from_cell_and_msg(cell, exec_reply_content)
nbclient.exceptions.CellExecutionError: An error occurred while executing the following cell:
------------------
mimc7 = Mimc7SuperCircuit()
mimc7_super_witness = mimc7.gen_witness(F(1), F(2))
mimc7.halo2_mock_prover(mimc7_super_witness)
------------------

----- stderr -----
thread '<unnamed>' panicked at src/frontend/python/mod.rs:72:40:
Json deserialization to Circuit failed.: Error("invalid type: sequence, expected a hex encoded string", line: 32, column: 16)
note: run with `RUST_BACKTRACE=1` environment variable to display a backtrace
------------------

[0;31m---------------------------------------------------------------------------[0m
[0;31mPanicException[0m                            Traceback (most recent call last)
Cell [0;32mIn[2], line 1[0m
[0;32m----> 1[0m mimc7 [38;5;241m=[39m [43mMimc7SuperCircuit[49m[43m([49m[43m)[49m
[1;32m      2[0m mimc7_super_witness [38;5;241m=[39m mimc7[38;5;241m.[39mgen_witness(F([38;5;241m1[39m), F([38;5;241m2[39m))
[1;32m      3[0m mimc7[38;5;241m.[39mhalo2_mock_prover(mimc7_super_witness)

File [0;32m~/work/chiquito/chiquito/src/frontend/python/chiquito/dsl.py:39[0m, in [0;36mSuperCircuit.__init__[0;34m(self, **kwargs)[0m
[1;32m     37[0m [38;5;28mself[39m[38;5;241m.[39mast [38;5;241m=[39m ASTSuperCircuit()
[1;32m     38[0m [38;5;28mself[39m[38;5;241m.[39mmode [38;5;241m=[39m SuperCircuitMode[38;5;241m.[39mSETUP
[0;32m---> 39[0m [38;5;28;43mself[39;49m[38;5;241;43m.[39;49m[43msetup[49m[43m([49m[43m)[49m
[1;32m     40[0m [38;5;28mself[39m[38;5;241m.[39mmode [38;5;241m=[39m SuperCircuitMode[38;5;241m.[39mNoMode

Cell [0;32mIn[1], line 249[0m, in [0;36mMimc7SuperCircuit.setup[0;34m(self)[0m
[1;32m    248[0m [38;5;28;01mdef[39;00m [38;5;21msetup[39m([38;5;28mself[39m):
[0;32m--> 249[0m     [38;5;28mself[39m[38;5;241m.[39mmimc7_constants [38;5;241m=[39m [38;5;28;43mself[39;49m[38;5;241;43m.[39;49m[43msub_circuit[49m[43m([49m[43mMimc7Constants[49m[43m([49m[38;5;28;43mself[39;49m[43m)[49m[43m)[49m
[1;32m    250[0m     [38;5;28mself[39m[38;5;241m.[39mmimc7_circuit [38;5;241m=[39m [38;5;28mself[39m[38;5;241m.[39msub_circuit(
[1;32m    251[0m         Mimc7Circuit([38;5;28mself[39m, constants_table[38;5;241m=[39m[38;5;28mself[39m[38;5;241m.[39mmimc7_constants[38;5;241m.[39mlookup_table)
[1;32m    252[0m     )

File [0;32m~/work/chiquito/chiquito/src/frontend/python/chiquito/dsl.py:50[0m, in [0;36mSuperCircuit.sub_circuit[0;34m(self, sub_circuit)[0m
[1;32m     46[0m     [38;5;28;01mraise[39;00m [38;5;167;01mValueError[39;00m(
[1;32m     47[0m         [38;5;124m"[39m[38;5;124mSuperCircuit: sub_circuit() cannot be called twice on the same circuit.[39m[38;5;124m"[39m
[1;32m     48[0m     )
[1;32m     49[0m ast_json: [38;5;28mstr[39m [38;5;241m=[39m sub_circuit[38;5;241m.[39mget_ast_json()
[0;32m---> 50[0m sub_circuit[38;5;241m.[39mrust_id: [38;5;28mint[39m [38;5;241m=[39m [43mrust_chiquito[49m[38;5;241;43m.[39;49m[43mast_map_store[49m[43m([49m[43mast_json[49m[43m)[49m
[1;32m     51[0m [38;5;28mself[39m[38;5;241m.[39mast[38;5;241m.[39msub_circuits[sub_circuit[38;5;241m.[39mrust_id] [38;5;241m=[39m sub_circuit[38;5;241m.[39mast
[1;32m     52[0m [38;5;28;01mreturn[39;00m sub_circuit

[0;31mPanicException[0m: Json deserialization to Circuit failed.: Error("invalid type: sequence, expected a hex encoded string", line: 32, column: 16)

